[INFO] Scanning for projects...
[INFO] 
[INFO] -------------------------< com.example:Buoi3 >--------------------------
[INFO] Building Buoi3 0.0.1-SNAPSHOT
[INFO]   from pom.xml
[INFO] --------------------------------[ jar ]---------------------------------
[INFO] 
[INFO] --- resources:3.3.1:resources (default-resources) @ Buoi3 ---
[INFO] Copying 1 resource from src\main\resources to target\classes
[INFO] Copying 14 resources from src\main\resources to target\classes
[INFO] 
[INFO] --- compiler:3.14.1:compile (default-compile) @ Buoi3 ---
[INFO] Recompiling the module because of changed source code.
[INFO] Compiling 20 source files with javac [debug parameters release 21] to target\classes
[INFO] -------------------------------------------------------------
[ERROR] COMPILATION ERROR : 
[INFO] -------------------------------------------------------------
[ERROR] /C:/Users/ACER/Downloads/Buoi3/Buoi3/src/main/java/com/example/Buoi3/config/SecurityConfig.java:[30,50] constructor DaoAuthenticationProvider in class org.springframework.security.authentication.dao.DaoAuthenticationProvider cannot be applied to given types;
  required: org.springframework.security.core.userdetails.UserDetailsService
  found:    no arguments
  reason: actual and formal argument lists differ in length
[ERROR] /C:/Users/ACER/Downloads/Buoi3/Buoi3/src/main/java/com/example/Buoi3/config/SecurityConfig.java:[31,21] cannot find symbol
  symbol:   method setUserDetailsService(com.example.Buoi3.service.CustomUserDetailsService)
  location: variable authProvider of type org.springframework.security.authentication.dao.DaoAuthenticationProvider
[INFO] 2 errors 
[INFO] -------------------------------------------------------------
[INFO] ------------------------------------------------------------------------
[INFO] BUILD FAILURE
[INFO] ------------------------------------------------------------------------
[INFO] Total time:  3.085 s
[INFO] Finished at: 2026-03-12T20:28:25+07:00
[INFO] ------------------------------------------------------------------------
[ERROR] Failed to execute goal org.apache.maven.plugins:maven-compiler-plugin:3.14.1:compile (default-compile) on project Buoi3: Compilation failure: Compilation failure: 
[ERROR] /C:/Users/ACER/Downloads/Buoi3/Buoi3/src/main/java/com/example/Buoi3/config/SecurityConfig.java:[30,50] constructor DaoAuthenticationProvider in class org.springframework.security.authentication.dao.DaoAuthenticationProvider cannot be applied to given types;
[ERROR]   required: org.springframework.security.core.userdetails.UserDetailsService
[ERROR]   found:    no arguments
[ERROR]   reason: actual and formal argument lists differ in length
[ERROR] /C:/Users/ACER/Downloads/Buoi3/Buoi3/src/main/java/com/example/Buoi3/config/SecurityConfig.java:[31,21] cannot find symbol
[ERROR]   symbol:   method setUserDetailsService(com.example.Buoi3.service.CustomUserDetailsService)
[ERROR]   location: variable authProvider of type org.springframework.security.authentication.dao.DaoAuthenticationProvider
[ERROR] -> [Help 1]
[ERROR] 
[ERROR] To see the full stack trace of the errors, re-run Maven with the -e switch.
[ERROR] Re-run Maven using the -X switch to enable full debug logging.
[ERROR] 
[ERROR] For more information about the errors and possible solutions, please read the following articles:
[ERROR] [Help 1] http://cwiki.apache.org/confluence/display/MAVEN/MojoFailureException
